{"level":"info","message":"[info][10:40:33]테스트 메세지"}
{"level":"error","message":"[error][10:40:33]테스트 메세지 - error"}
{"level":"info","message":"[info][10:40:50]테스트 메세지"}
{"level":"error","message":"[error][10:40:50]테스트 메세지 - error"}
{"level":"info","message":"[info][10:40:57]테스트 메세지"}
{"level":"error","message":"[error][10:40:57]테스트 메세지 - error"}
{"level":"info","message":"[10:42:06]테스트 메세지"}
{"level":"error","message":"[10:42:06]테스트 메세지 - error"}
{"level":"info","message":"[10:42:29]테스트 메세지"}
{"level":"error","message":"[10:42:29]테스트 메세지 - error"}
{"level":"info","message":"[10:42:34]테스트 메세지"}
{"level":"error","message":"[10:42:34]테스트 메세지 - error"}
{"level":"info","message":"[10:42:40]테스트 메세지"}
{"level":"error","message":"[10:42:40]테스트 메세지 - error"}
{"level":"error","message":"[10:58:43]\"Error: GET /는 없는 페이지 입니다.\\n    at D:\\\\node_scheduule\\\\app.js:26:16\\n    at Layer.handle [as handle_request] (D:\\\\node_scheduule\\\\node_modules\\\\express\\\\lib\\\\router\\\\layer.js:95:5)\\n    at trim_prefix (D:\\\\node_scheduule\\\\node_modules\\\\express\\\\lib\\\\router\\\\index.js:317:13)\\n    at D:\\\\node_scheduule\\\\node_modules\\\\express\\\\lib\\\\router\\\\index.js:284:7\\n    at Function.process_params (D:\\\\node_scheduule\\\\node_modules\\\\express\\\\lib\\\\router\\\\index.js:335:12)\\n    at next (D:\\\\node_scheduule\\\\node_modules\\\\express\\\\lib\\\\router\\\\index.js:275:10)\\n    at logger (D:\\\\node_scheduule\\\\node_modules\\\\morgan\\\\index.js:144:5)\\n    at Layer.handle [as handle_request] (D:\\\\node_scheduule\\\\node_modules\\\\express\\\\lib\\\\router\\\\layer.js:95:5)\\n    at trim_prefix (D:\\\\node_scheduule\\\\node_modules\\\\express\\\\lib\\\\router\\\\index.js:317:13)\\n    at D:\\\\node_scheduule\\\\node_modules\\\\express\\\\lib\\\\router\\\\index.js:284:7\""}
{"level":"error","message":"[10:58:43]404 GET /는 없는 페이지 입니다."}
{"level":"error","message":"[10:58:43]404 GET /favicon.ico는 없는 페이지 입니다."}
{"level":"error","message":"[10:58:43]\"Error: GET /favicon.ico는 없는 페이지 입니다.\\n    at D:\\\\node_scheduule\\\\app.js:26:16\\n    at Layer.handle [as handle_request] (D:\\\\node_scheduule\\\\node_modules\\\\express\\\\lib\\\\router\\\\layer.js:95:5)\\n    at trim_prefix (D:\\\\node_scheduule\\\\node_modules\\\\express\\\\lib\\\\router\\\\index.js:317:13)\\n    at D:\\\\node_scheduule\\\\node_modules\\\\express\\\\lib\\\\router\\\\index.js:284:7\\n    at Function.process_params (D:\\\\node_scheduule\\\\node_modules\\\\express\\\\lib\\\\router\\\\index.js:335:12)\\n    at next (D:\\\\node_scheduule\\\\node_modules\\\\express\\\\lib\\\\router\\\\index.js:275:10)\\n    at logger (D:\\\\node_scheduule\\\\node_modules\\\\morgan\\\\index.js:144:5)\\n    at Layer.handle [as handle_request] (D:\\\\node_scheduule\\\\node_modules\\\\express\\\\lib\\\\router\\\\layer.js:95:5)\\n    at trim_prefix (D:\\\\node_scheduule\\\\node_modules\\\\express\\\\lib\\\\router\\\\index.js:317:13)\\n    at D:\\\\node_scheduule\\\\node_modules\\\\express\\\\lib\\\\router\\\\index.js:284:7\""}
{"level":"info","message":"[11:07:05]데이터베이스 연결 성공"}
{"level":"info","message":"[11:07:20]데이터베이스 연결 성공"}
{"level":"info","message":"[11:07:22]데이터베이스 연결 성공"}
{"level":"info","message":"[11:07:34]데이터베이스 연결 성공"}
{"level":"info","message":"[11:07:45]데이터베이스 연결 성공"}
{"level":"info","message":"[11:08:00]데이터베이스 연결 성공"}
{"level":"error","message":"[11:08:14]Access denied for user 'root'@'localhost' (using password: YES)"}
{"level":"error","message":"[11:08:14]SequelizeAccessDeniedError: Access denied for user 'root'@'localhost' (using password: YES)\n    at ConnectionManager.connect (D:\\node_scheduule\\node_modules\\sequelize\\lib\\dialects\\mysql\\connection-manager.js:118:17)\n    at processTicksAndRejections (internal/process/task_queues.js:93:5)\n    at async ConnectionManager._connect (D:\\node_scheduule\\node_modules\\sequelize\\lib\\dialects\\abstract\\connection-manager.js:318:24)\n    at async D:\\node_scheduule\\node_modules\\sequelize\\lib\\dialects\\abstract\\connection-manager.js:250:32\n    at async ConnectionManager.getConnection (D:\\node_scheduule\\node_modules\\sequelize\\lib\\dialects\\abstract\\connection-manager.js:280:7)\n    at async D:\\node_scheduule\\node_modules\\sequelize\\lib\\sequelize.js:613:26\n    at async Sequelize.authenticate (D:\\node_scheduule\\node_modules\\sequelize\\lib\\sequelize.js:867:5)\n    at async Sequelize.sync (D:\\node_scheduule\\node_modules\\sequelize\\lib\\sequelize.js:791:7)"}
{"level":"info","message":"[11:33:37]데이터베이스 연결 성공"}
{"level":"info","message":"[11:33:45]데이터베이스 연결 성공"}
{"level":"info","message":"[11:35:10]데이터베이스 연결 성공"}
{"level":"info","message":"[11:50:28]데이터베이스 연결 성공"}
{"level":"info","message":"[11:50:38]데이터베이스 연결 성공"}
{"level":"info","message":"[11:50:43]데이터베이스 연결 성공"}
{"level":"info","message":"[11:50:46]데이터베이스 연결 성공"}
{"level":"info","message":"[11:50:56]데이터베이스 연결 성공"}
{"level":"info","message":"[11:51:05]데이터베이스 연결 성공"}
{"level":"info","message":"[11:52:09]데이터베이스 연결 성공"}
{"level":"info","message":"[11:52:11]데이터베이스 연결 성공"}
{"level":"info","message":"[11:52:16]데이터베이스 연결 성공"}
{"level":"info","message":"[11:52:23]데이터베이스 연결 성공"}
{"level":"info","message":"[11:52:26]데이터베이스 연결 성공"}
{"level":"info","message":"[11:52:27]데이터베이스 연결 성공"}
{"level":"info","message":"[11:52:30]데이터베이스 연결 성공"}
{"level":"info","message":"[11:52:50]데이터베이스 연결 성공"}
{"level":"info","message":"[11:52:55]데이터베이스 연결 성공"}
{"level":"info","message":"[11:52:58]데이터베이스 연결 성공"}
{"level":"info","message":"[11:53:09]데이터베이스 연결 성공"}
{"level":"info","message":"[11:53:29]데이터베이스 연결 성공"}
{"level":"info","message":"[11:53:41]데이터베이스 연결 성공"}
{"level":"info","message":"[11:54:07]데이터베이스 연결 성공"}
{"level":"info","message":"[11:54:13]데이터베이스 연결 성공"}
{"level":"info","message":"[11:54:17]데이터베이스 연결 성공"}
{"level":"info","message":"[11:54:51]데이터베이스 연결 성공"}
{"level":"info","message":"[11:55:06]데이터베이스 연결 성공"}
{"level":"info","message":"[11:56:21]데이터베이스 연결 성공"}
{"level":"info","message":"[11:56:40]데이터베이스 연결 성공"}
{"level":"info","message":"[11:58:56]데이터베이스 연결 성공"}
{"level":"info","message":"[11:58:57]데이터베이스 연결 성공"}
{"level":"info","message":"[11:59:12]데이터베이스 연결 성공"}
{"level":"info","message":"[12:00:01]데이터베이스 연결 성공"}
{"level":"info","message":"[12:00:42]데이터베이스 연결 성공"}
{"level":"info","message":"[12:00:50]데이터베이스 연결 성공"}
{"level":"info","message":"[12:00:53]데이터베이스 연결 성공"}
{"level":"info","message":"[12:01:14]데이터베이스 연결 성공"}
{"level":"info","message":"[12:01:18]데이터베이스 연결 성공"}
{"level":"info","message":"[12:01:39]데이터베이스 연결 성공"}
{"level":"info","message":"[12:01:54]데이터베이스 연결 성공"}
{"level":"info","message":"[12:03:36]데이터베이스 연결 성공"}
{"level":"info","message":"[12:05:15]데이터베이스 연결 성공"}
{"level":"info","message":"[12:05:43]데이터베이스 연결 성공"}
{"level":"info","message":"[12:06:50]데이터베이스 연결 성공"}
{"level":"info","message":"[12:07:47]데이터베이스 연결 성공"}
{"level":"info","message":"[12:08:39]데이터베이스 연결 성공"}
{"level":"info","message":"[12:08:40]데이터베이스 연결 성공"}
{"level":"info","message":"[12:09:02]데이터베이스 연결 성공"}
{"level":"info","message":"[12:09:28]데이터베이스 연결 성공"}
{"level":"info","message":"[12:09:39]데이터베이스 연결 성공"}
{"level":"info","message":"[12:10:07]데이터베이스 연결 성공"}
{"level":"info","message":"[12:10:24]데이터베이스 연결 성공"}
{"level":"info","message":"[12:13:10]데이터베이스 연결 성공"}
{"level":"info","message":"[12:13:18]데이터베이스 연결 성공"}
{"level":"info","message":"[12:14:06]데이터베이스 연결 성공"}
{"level":"info","message":"[12:14:07]데이터베이스 연결 성공"}
{"level":"info","message":"[12:14:16]데이터베이스 연결 성공"}
{"level":"info","message":"[12:14:43]데이터베이스 연결 성공"}
{"level":"info","message":"[12:14:46]데이터베이스 연결 성공"}
{"level":"info","message":"[12:14:47]데이터베이스 연결 성공"}
{"level":"info","message":"[12:15:12]데이터베이스 연결 성공"}
{"level":"info","message":"[12:15:13]데이터베이스 연결 성공"}
{"level":"info","message":"[12:15:24]데이터베이스 연결 성공"}
{"level":"info","message":"[12:15:38]데이터베이스 연결 성공"}
{"level":"info","message":"[12:16:13]데이터베이스 연결 성공"}
{"level":"info","message":"[12:16:16]데이터베이스 연결 성공"}
{"level":"info","message":"[12:16:34]데이터베이스 연결 성공"}
{"level":"info","message":"[12:18:36]데이터베이스 연결 성공"}
{"level":"info","message":"[12:18:48]데이터베이스 연결 성공"}
{"level":"error","message":"[12:18:58]500 nextMonthDay is not defined"}
{"level":"error","message":"[12:18:58]ReferenceError: nextMonthDay is not defined\n    at Object.getCalendar (D:\\node_scheduule\\models\\scheduler.js:41:5)\n    at D:\\node_scheduule\\routes\\index.js:8:14\n    at Layer.handle [as handle_request] (D:\\node_scheduule\\node_modules\\express\\lib\\router\\layer.js:95:5)\n    at next (D:\\node_scheduule\\node_modules\\express\\lib\\router\\route.js:137:13)\n    at Route.dispatch (D:\\node_scheduule\\node_modules\\express\\lib\\router\\route.js:112:3)\n    at Layer.handle [as handle_request] (D:\\node_scheduule\\node_modules\\express\\lib\\router\\layer.js:95:5)\n    at D:\\node_scheduule\\node_modules\\express\\lib\\router\\index.js:281:22\n    at Function.process_params (D:\\node_scheduule\\node_modules\\express\\lib\\router\\index.js:335:12)\n    at next (D:\\node_scheduule\\node_modules\\express\\lib\\router\\index.js:275:10)\n    at Function.handle (D:\\node_scheduule\\node_modules\\express\\lib\\router\\index.js:174:3)"}
{"level":"info","message":"[12:19:05]데이터베이스 연결 성공"}
{"level":"info","message":"[12:19:06]데이터베이스 연결 성공"}
{"level":"info","message":"[12:19:39]데이터베이스 연결 성공"}
{"level":"info","message":"[12:19:47]데이터베이스 연결 성공"}
{"level":"info","message":"[12:20:00]데이터베이스 연결 성공"}
{"level":"info","message":"[12:20:04]데이터베이스 연결 성공"}
{"level":"info","message":"[12:20:14]데이터베이스 연결 성공"}
{"level":"info","message":"[12:21:13]데이터베이스 연결 성공"}
{"level":"info","message":"[12:21:17]데이터베이스 연결 성공"}
{"level":"info","message":"[12:21:19]데이터베이스 연결 성공"}
{"level":"info","message":"[12:41:20]데이터베이스 연결 성공"}
{"level":"error","message":"[12:41:24]ReferenceError: date is not defined\n    at Object.getYoil (D:\\node_scheduule\\models\\scheduler.js:74:16)\n    at Object.getCalendar (D:\\node_scheduule\\models\\scheduler.js:51:25)\n    at D:\\node_scheduule\\routes\\index.js:8:14\n    at Layer.handle [as handle_request] (D:\\node_scheduule\\node_modules\\express\\lib\\router\\layer.js:95:5)\n    at next (D:\\node_scheduule\\node_modules\\express\\lib\\router\\route.js:137:13)\n    at Route.dispatch (D:\\node_scheduule\\node_modules\\express\\lib\\router\\route.js:112:3)\n    at Layer.handle [as handle_request] (D:\\node_scheduule\\node_modules\\express\\lib\\router\\layer.js:95:5)\n    at D:\\node_scheduule\\node_modules\\express\\lib\\router\\index.js:281:22\n    at Function.process_params (D:\\node_scheduule\\node_modules\\express\\lib\\router\\index.js:335:12)\n    at next (D:\\node_scheduule\\node_modules\\express\\lib\\router\\index.js:275:10)"}
{"level":"error","message":"[12:41:24]500 date is not defined"}
{"level":"info","message":"[12:42:00]데이터베이스 연결 성공"}
{"level":"info","message":"[12:42:05]데이터베이스 연결 성공"}
{"level":"info","message":"[12:42:06]데이터베이스 연결 성공"}
{"level":"info","message":"[12:42:15]데이터베이스 연결 성공"}
{"level":"info","message":"[12:42:27]데이터베이스 연결 성공"}
{"level":"info","message":"[12:42:36]데이터베이스 연결 성공"}
{"level":"info","message":"[12:45:31]데이터베이스 연결 성공"}
{"level":"info","message":"[12:47:02]데이터베이스 연결 성공"}
{"level":"info","message":"[12:47:40]데이터베이스 연결 성공"}
{"level":"info","message":"[13:04:22]데이터베이스 연결 성공"}
{"level":"info","message":"[14:21:40]데이터베이스 연결 성공"}
{"level":"info","message":"[14:32:03]데이터베이스 연결 성공"}
{"level":"info","message":"[14:32:07]데이터베이스 연결 성공"}
{"level":"info","message":"[14:32:43]데이터베이스 연결 성공"}
{"level":"info","message":"[14:33:14]데이터베이스 연결 성공"}
{"level":"info","message":"[14:33:52]데이터베이스 연결 성공"}
{"level":"info","message":"[14:34:05]데이터베이스 연결 성공"}
{"level":"info","message":"[14:34:18]데이터베이스 연결 성공"}
{"level":"info","message":"[14:34:42]데이터베이스 연결 성공"}
{"level":"info","message":"[14:34:49]데이터베이스 연결 성공"}
{"level":"info","message":"[14:35:13]데이터베이스 연결 성공"}
{"level":"info","message":"[14:35:16]데이터베이스 연결 성공"}
{"level":"info","message":"[14:35:19]데이터베이스 연결 성공"}
{"level":"info","message":"[14:35:38]데이터베이스 연결 성공"}
{"level":"info","message":"[14:35:43]데이터베이스 연결 성공"}
{"level":"info","message":"[14:35:50]데이터베이스 연결 성공"}
{"level":"info","message":"[14:35:56]데이터베이스 연결 성공"}
{"level":"info","message":"[14:36:08]데이터베이스 연결 성공"}
{"level":"info","message":"[14:36:48]데이터베이스 연결 성공"}
{"level":"info","message":"[14:37:34]데이터베이스 연결 성공"}
{"level":"info","message":"[14:51:45]데이터베이스 연결 성공"}
{"level":"info","message":"[14:52:57]데이터베이스 연결 성공"}
{"level":"info","message":"[14:53:22]데이터베이스 연결 성공"}
{"level":"info","message":"[14:53:23]데이터베이스 연결 성공"}
{"level":"info","message":"[14:53:53]데이터베이스 연결 성공"}
{"level":"info","message":"[14:54:02]데이터베이스 연결 성공"}
{"level":"info","message":"[14:54:44]데이터베이스 연결 성공"}
{"level":"info","message":"[14:54:55]데이터베이스 연결 성공"}
{"level":"info","message":"[14:54:56]데이터베이스 연결 성공"}
{"level":"info","message":"[14:55:01]데이터베이스 연결 성공"}
{"level":"info","message":"[14:55:03]데이터베이스 연결 성공"}
{"level":"info","message":"[14:55:08]데이터베이스 연결 성공"}
{"level":"info","message":"[14:55:11]데이터베이스 연결 성공"}
{"level":"info","message":"[14:55:51]데이터베이스 연결 성공"}
{"level":"info","message":"[15:06:38]데이터베이스 연결 성공"}
{"level":"info","message":"[15:06:39]데이터베이스 연결 성공"}
{"level":"info","message":"[15:06:40]데이터베이스 연결 성공"}
{"level":"info","message":"[15:06:42]데이터베이스 연결 성공"}
{"level":"info","message":"[15:06:44]데이터베이스 연결 성공"}
{"level":"info","message":"[15:08:31]데이터베이스 연결 성공"}
{"level":"info","message":"[15:08:57]데이터베이스 연결 성공"}
{"level":"info","message":"[15:09:06]데이터베이스 연결 성공"}
{"level":"info","message":"[15:09:37]데이터베이스 연결 성공"}
{"level":"info","message":"[15:09:38]데이터베이스 연결 성공"}
{"level":"info","message":"[15:09:59]데이터베이스 연결 성공"}
{"level":"info","message":"[15:10:00]데이터베이스 연결 성공"}
{"level":"info","message":"[15:10:30]데이터베이스 연결 성공"}
{"level":"info","message":"[15:11:20]데이터베이스 연결 성공"}
{"level":"info","message":"[15:20:57]데이터베이스 연결 성공"}
{"level":"info","message":"[15:21:01]데이터베이스 연결 성공"}
{"level":"info","message":"[15:21:16]데이터베이스 연결 성공"}
{"level":"info","message":"[15:21:28]데이터베이스 연결 성공"}
{"level":"info","message":"[15:21:33]데이터베이스 연결 성공"}
{"level":"info","message":"[15:21:59]데이터베이스 연결 성공"}
{"level":"info","message":"[15:22:07]데이터베이스 연결 성공"}
{"level":"info","message":"[15:22:10]데이터베이스 연결 성공"}
{"level":"info","message":"[15:22:40]데이터베이스 연결 성공"}
{"level":"info","message":"[15:22:46]데이터베이스 연결 성공"}
{"level":"info","message":"[15:22:55]데이터베이스 연결 성공"}
{"level":"info","message":"[15:22:59]데이터베이스 연결 성공"}
{"level":"info","message":"[15:23:11]데이터베이스 연결 성공"}
{"level":"info","message":"[15:23:12]데이터베이스 연결 성공"}
{"level":"info","message":"[15:23:17]데이터베이스 연결 성공"}
{"level":"info","message":"[15:23:19]데이터베이스 연결 성공"}
{"level":"info","message":"[15:23:33]데이터베이스 연결 성공"}
{"level":"info","message":"[15:23:34]데이터베이스 연결 성공"}
{"level":"info","message":"[15:23:43]데이터베이스 연결 성공"}
{"level":"info","message":"[15:23:52]데이터베이스 연결 성공"}
{"level":"info","message":"[15:24:00]데이터베이스 연결 성공"}
{"level":"info","message":"[15:24:24]데이터베이스 연결 성공"}
{"level":"info","message":"[15:24:31]데이터베이스 연결 성공"}
{"level":"info","message":"[15:24:35]데이터베이스 연결 성공"}
{"level":"info","message":"[15:25:00]데이터베이스 연결 성공"}
{"level":"info","message":"[15:25:05]데이터베이스 연결 성공"}
{"level":"info","message":"[15:25:17]데이터베이스 연결 성공"}
{"level":"info","message":"[15:25:37]데이터베이스 연결 성공"}
{"level":"info","message":"[15:25:41]데이터베이스 연결 성공"}
{"level":"info","message":"[15:25:47]데이터베이스 연결 성공"}
{"level":"info","message":"[15:25:49]데이터베이스 연결 성공"}
{"level":"info","message":"[15:25:58]데이터베이스 연결 성공"}
{"level":"info","message":"[15:26:06]데이터베이스 연결 성공"}
{"level":"info","message":"[15:26:21]데이터베이스 연결 성공"}
{"level":"info","message":"[15:27:02]데이터베이스 연결 성공"}
{"level":"info","message":"[15:27:07]데이터베이스 연결 성공"}
{"level":"info","message":"[15:27:09]데이터베이스 연결 성공"}
{"level":"info","message":"[15:27:28]데이터베이스 연결 성공"}
{"level":"info","message":"[15:27:59]데이터베이스 연결 성공"}
{"level":"info","message":"[15:28:40]데이터베이스 연결 성공"}
{"level":"info","message":"[15:29:05]데이터베이스 연결 성공"}
{"level":"info","message":"[15:31:30]데이터베이스 연결 성공"}
{"level":"info","message":"[15:32:31]데이터베이스 연결 성공"}
{"level":"info","message":"[15:32:42]데이터베이스 연결 성공"}
{"level":"info","message":"[15:33:19]데이터베이스 연결 성공"}
{"level":"error","message":"[15:33:37]404 GET /schedule?stamp=1606834800는 없는 페이지 입니다."}
{"level":"error","message":"[15:33:37]Error: GET /schedule?stamp=1606834800는 없는 페이지 입니다.\n    at D:\\node_scheduule\\app.js:48:16\n    at Layer.handle [as handle_request] (D:\\node_scheduule\\node_modules\\express\\lib\\router\\layer.js:95:5)\n    at trim_prefix (D:\\node_scheduule\\node_modules\\express\\lib\\router\\index.js:317:13)\n    at D:\\node_scheduule\\node_modules\\express\\lib\\router\\index.js:284:7\n    at Function.process_params (D:\\node_scheduule\\node_modules\\express\\lib\\router\\index.js:335:12)\n    at next (D:\\node_scheduule\\node_modules\\express\\lib\\router\\index.js:275:10)\n    at D:\\node_scheduule\\node_modules\\express\\lib\\router\\index.js:635:15\n    at next (D:\\node_scheduule\\node_modules\\express\\lib\\router\\index.js:260:14)\n    at Function.handle (D:\\node_scheduule\\node_modules\\express\\lib\\router\\index.js:174:3)\n    at router (D:\\node_scheduule\\node_modules\\express\\lib\\router\\index.js:47:12)"}
{"level":"info","message":"[15:34:08]데이터베이스 연결 성공"}
{"level":"info","message":"[15:35:07]데이터베이스 연결 성공"}
{"level":"info","message":"[15:36:12]데이터베이스 연결 성공"}
{"level":"info","message":"[15:36:13]데이터베이스 연결 성공"}
{"level":"info","message":"[15:36:57]데이터베이스 연결 성공"}
{"level":"info","message":"[15:37:34]데이터베이스 연결 성공"}
{"level":"info","message":"[15:37:45]데이터베이스 연결 성공"}
{"level":"info","message":"[15:37:47]데이터베이스 연결 성공"}
{"level":"info","message":"[15:38:19]데이터베이스 연결 성공"}
{"level":"info","message":"[15:48:32]데이터베이스 연결 성공"}
{"level":"info","message":"[15:48:56]데이터베이스 연결 성공"}
{"level":"info","message":"[15:49:04]데이터베이스 연결 성공"}
{"level":"info","message":"[15:50:14]데이터베이스 연결 성공"}
{"level":"info","message":"[15:50:16]데이터베이스 연결 성공"}
{"level":"info","message":"[15:52:26]데이터베이스 연결 성공"}
{"level":"info","message":"[15:52:52]데이터베이스 연결 성공"}
{"level":"info","message":"[15:53:21]데이터베이스 연결 성공"}
{"level":"info","message":"[15:53:32]데이터베이스 연결 성공"}
{"level":"info","message":"[15:53:37]데이터베이스 연결 성공"}
{"level":"info","message":"[15:53:42]데이터베이스 연결 성공"}
{"level":"info","message":"[15:53:46]데이터베이스 연결 성공"}
{"level":"info","message":"[15:54:45]데이터베이스 연결 성공"}
{"level":"info","message":"[15:54:46]데이터베이스 연결 성공"}
{"level":"info","message":"[15:54:51]데이터베이스 연결 성공"}
{"level":"info","message":"[15:55:02]데이터베이스 연결 성공"}
{"level":"info","message":"[15:55:10]데이터베이스 연결 성공"}
{"level":"info","message":"[15:55:12]데이터베이스 연결 성공"}
{"level":"info","message":"[15:55:37]데이터베이스 연결 성공"}
{"level":"info","message":"[15:55:48]데이터베이스 연결 성공"}
{"level":"info","message":"[15:56:04]데이터베이스 연결 성공"}
{"level":"info","message":"[15:56:18]데이터베이스 연결 성공"}
{"level":"info","message":"[15:56:47]데이터베이스 연결 성공"}
{"level":"info","message":"[15:56:52]데이터베이스 연결 성공"}
{"level":"info","message":"[15:56:55]데이터베이스 연결 성공"}
{"level":"info","message":"[15:57:03]데이터베이스 연결 성공"}
{"level":"info","message":"[15:57:10]데이터베이스 연결 성공"}
{"level":"error","message":"[15:59:52]500 (D:\\node_scheduule\\views\\form.html) [Line 9, Column 55]\n  expected variable end"}
{"level":"error","message":"[15:59:52]Template render error: (D:\\node_scheduule\\views\\form.html) [Line 9, Column 55]\n  expected variable end\n    at Object._prettifyError (D:\\node_scheduule\\node_modules\\nunjucks\\src\\lib.js:36:11)\n    at Template.render (D:\\node_scheduule\\node_modules\\nunjucks\\src\\environment.js:538:21)\n    at D:\\node_scheduule\\node_modules\\nunjucks\\src\\environment.js:366:27\n    at createTemplate (D:\\node_scheduule\\node_modules\\nunjucks\\src\\environment.js:315:9)\n    at handle (D:\\node_scheduule\\node_modules\\nunjucks\\src\\environment.js:327:11)\n    at D:\\node_scheduule\\node_modules\\nunjucks\\src\\environment.js:339:9\n    at next (D:\\node_scheduule\\node_modules\\nunjucks\\src\\lib.js:328:7)\n    at Object.asyncIter (D:\\node_scheduule\\node_modules\\nunjucks\\src\\lib.js:334:3)\n    at Environment.getTemplate (D:\\node_scheduule\\node_modules\\nunjucks\\src\\environment.js:321:9)\n    at Environment.render (D:\\node_scheduule\\node_modules\\nunjucks\\src\\environment.js:360:10)"}
{"level":"error","message":"[16:00:04]500 (D:\\node_scheduule\\views\\form.html) [Line 9, Column 55]\n  expected variable end"}
{"level":"error","message":"[16:00:04]Template render error: (D:\\node_scheduule\\views\\form.html) [Line 9, Column 55]\n  expected variable end\n    at Object._prettifyError (D:\\node_scheduule\\node_modules\\nunjucks\\src\\lib.js:36:11)\n    at Template.render (D:\\node_scheduule\\node_modules\\nunjucks\\src\\environment.js:538:21)\n    at D:\\node_scheduule\\node_modules\\nunjucks\\src\\environment.js:366:27\n    at Environment.getTemplate (D:\\node_scheduule\\node_modules\\nunjucks\\src\\environment.js:279:9)\n    at Environment.render (D:\\node_scheduule\\node_modules\\nunjucks\\src\\environment.js:360:10)\n    at NunjucksView.render (D:\\node_scheduule\\node_modules\\nunjucks\\src\\express-app.js:22:9)\n    at tryRender (D:\\node_scheduule\\node_modules\\express\\lib\\application.js:640:10)\n    at Function.render (D:\\node_scheduule\\node_modules\\express\\lib\\application.js:592:3)\n    at ServerResponse.render (D:\\node_scheduule\\node_modules\\express\\lib\\response.js:1012:7)\n    at D:\\node_scheduule\\routes\\index.js:24:8"}
{"level":"info","message":"[16:07:01]데이터베이스 연결 성공"}
{"level":"error","message":"[16:09:56]Template render error: (D:\\node_scheduule\\views\\form.html) [Line 10, Column 109]\n  expected block end in if statement\n    at Object._prettifyError (D:\\node_scheduule\\node_modules\\nunjucks\\src\\lib.js:36:11)\n    at Template.render (D:\\node_scheduule\\node_modules\\nunjucks\\src\\environment.js:538:21)\n    at D:\\node_scheduule\\node_modules\\nunjucks\\src\\environment.js:366:27\n    at createTemplate (D:\\node_scheduule\\node_modules\\nunjucks\\src\\environment.js:315:9)\n    at handle (D:\\node_scheduule\\node_modules\\nunjucks\\src\\environment.js:327:11)\n    at D:\\node_scheduule\\node_modules\\nunjucks\\src\\environment.js:339:9\n    at next (D:\\node_scheduule\\node_modules\\nunjucks\\src\\lib.js:328:7)\n    at Object.asyncIter (D:\\node_scheduule\\node_modules\\nunjucks\\src\\lib.js:334:3)\n    at Environment.getTemplate (D:\\node_scheduule\\node_modules\\nunjucks\\src\\environment.js:321:9)\n    at Environment.render (D:\\node_scheduule\\node_modules\\nunjucks\\src\\environment.js:360:10)"}
{"level":"error","message":"[16:09:56]500 (D:\\node_scheduule\\views\\form.html) [Line 10, Column 109]\n  expected block end in if statement"}
{"level":"error","message":"[16:09:59]500 (D:\\node_scheduule\\views\\form.html) [Line 10, Column 109]\n  expected block end in if statement"}
{"level":"error","message":"[16:09:59]Template render error: (D:\\node_scheduule\\views\\form.html) [Line 10, Column 109]\n  expected block end in if statement\n    at Object._prettifyError (D:\\node_scheduule\\node_modules\\nunjucks\\src\\lib.js:36:11)\n    at Template.render (D:\\node_scheduule\\node_modules\\nunjucks\\src\\environment.js:538:21)\n    at D:\\node_scheduule\\node_modules\\nunjucks\\src\\environment.js:366:27\n    at Environment.getTemplate (D:\\node_scheduule\\node_modules\\nunjucks\\src\\environment.js:279:9)\n    at Environment.render (D:\\node_scheduule\\node_modules\\nunjucks\\src\\environment.js:360:10)\n    at NunjucksView.render (D:\\node_scheduule\\node_modules\\nunjucks\\src\\express-app.js:22:9)\n    at tryRender (D:\\node_scheduule\\node_modules\\express\\lib\\application.js:640:10)\n    at Function.render (D:\\node_scheduule\\node_modules\\express\\lib\\application.js:592:3)\n    at ServerResponse.render (D:\\node_scheduule\\node_modules\\express\\lib\\response.js:1012:7)\n    at D:\\node_scheduule\\routes\\index.js:24:8"}
{"level":"info","message":"[16:34:17]데이터베이스 연결 성공"}
{"level":"info","message":"[16:34:22]데이터베이스 연결 성공"}
{"level":"info","message":"[16:34:39]데이터베이스 연결 성공"}
{"level":"info","message":"[16:34:45]데이터베이스 연결 성공"}
{"level":"info","message":"[16:35:07]데이터베이스 연결 성공"}
{"level":"info","message":"[16:35:18]데이터베이스 연결 성공"}
{"level":"info","message":"[16:36:10]데이터베이스 연결 성공"}
{"level":"info","message":"[16:36:14]데이터베이스 연결 성공"}
{"level":"info","message":"[16:37:06]데이터베이스 연결 성공"}
{"level":"info","message":"[16:37:23]데이터베이스 연결 성공"}
{"level":"info","message":"[16:37:25]데이터베이스 연결 성공"}
{"level":"info","message":"[16:37:40]데이터베이스 연결 성공"}
{"level":"info","message":"[16:37:48]데이터베이스 연결 성공"}
{"level":"info","message":"[16:37:51]데이터베이스 연결 성공"}
{"level":"info","message":"[16:38:06]데이터베이스 연결 성공"}
{"level":"info","message":"[16:38:16]데이터베이스 연결 성공"}
{"level":"info","message":"[16:38:24]데이터베이스 연결 성공"}
{"level":"info","message":"[16:38:28]데이터베이스 연결 성공"}
{"level":"info","message":"[16:38:38]데이터베이스 연결 성공"}
{"level":"info","message":"[16:39:07]데이터베이스 연결 성공"}
{"level":"info","message":"[16:39:26]데이터베이스 연결 성공"}
{"level":"info","message":"[16:39:46]데이터베이스 연결 성공"}
{"level":"info","message":"[16:39:51]데이터베이스 연결 성공"}
{"level":"info","message":"[16:41:09]데이터베이스 연결 성공"}
{"level":"info","message":"[16:41:11]데이터베이스 연결 성공"}
{"level":"info","message":"[16:41:45]데이터베이스 연결 성공"}
{"level":"info","message":"[16:41:48]데이터베이스 연결 성공"}
{"level":"info","message":"[16:42:00]데이터베이스 연결 성공"}
{"level":"info","message":"[16:42:49]데이터베이스 연결 성공"}
{"level":"info","message":"[16:42:55]데이터베이스 연결 성공"}
{"level":"info","message":"[16:43:00]데이터베이스 연결 성공"}
{"level":"info","message":"[16:43:28]데이터베이스 연결 성공"}
{"level":"info","message":"[16:44:24]데이터베이스 연결 성공"}
{"level":"info","message":"[16:45:26]데이터베이스 연결 성공"}
{"level":"info","message":"[16:45:52]데이터베이스 연결 성공"}
{"level":"info","message":"[16:45:59]데이터베이스 연결 성공"}
{"level":"info","message":"[16:46:00]데이터베이스 연결 성공"}
{"level":"info","message":"[16:46:10]데이터베이스 연결 성공"}
{"level":"info","message":"[16:46:15]데이터베이스 연결 성공"}
{"level":"info","message":"[16:46:20]데이터베이스 연결 성공"}
{"level":"info","message":"[16:47:11]데이터베이스 연결 성공"}
{"level":"info","message":"[16:47:51]데이터베이스 연결 성공"}
{"level":"info","message":"[16:48:13]데이터베이스 연결 성공"}
{"level":"info","message":"[16:48:48]데이터베이스 연결 성공"}
{"level":"info","message":"[16:49:06]데이터베이스 연결 성공"}
{"level":"info","message":"[16:49:08]데이터베이스 연결 성공"}
{"level":"info","message":"[16:49:27]데이터베이스 연결 성공"}
{"level":"info","message":"[16:49:36]데이터베이스 연결 성공"}
{"level":"info","message":"[16:49:45]데이터베이스 연결 성공"}
{"level":"info","message":"[16:49:56]데이터베이스 연결 성공"}
{"level":"info","message":"[16:50:55]데이터베이스 연결 성공"}
{"level":"info","message":"[16:51:09]데이터베이스 연결 성공"}
{"level":"info","message":"[16:51:25]데이터베이스 연결 성공"}
{"level":"info","message":"[16:51:44]데이터베이스 연결 성공"}
{"level":"info","message":"[16:52:29]데이터베이스 연결 성공"}
{"level":"info","message":"[16:52:46]데이터베이스 연결 성공"}
{"level":"info","message":"[16:53:22]데이터베이스 연결 성공"}
{"level":"info","message":"[16:53:30]데이터베이스 연결 성공"}
{"level":"info","message":"[16:54:13]데이터베이스 연결 성공"}
{"level":"info","message":"[16:54:17]데이터베이스 연결 성공"}
{"level":"info","message":"[16:54:22]데이터베이스 연결 성공"}
{"level":"info","message":"[16:54:34]데이터베이스 연결 성공"}
{"level":"info","message":"[16:55:08]데이터베이스 연결 성공"}
{"level":"info","message":"[16:55:09]데이터베이스 연결 성공"}
{"level":"info","message":"[16:55:12]데이터베이스 연결 성공"}
{"level":"info","message":"[17:03:59]데이터베이스 연결 성공"}
{"level":"info","message":"[17:05:13]데이터베이스 연결 성공"}
{"level":"info","message":"[17:05:39]데이터베이스 연결 성공"}
{"level":"info","message":"[17:05:56]데이터베이스 연결 성공"}
{"level":"info","message":"[17:06:44]데이터베이스 연결 성공"}
{"level":"info","message":"[17:06:46]데이터베이스 연결 성공"}
{"level":"info","message":"[17:07:40]데이터베이스 연결 성공"}
{"level":"info","message":"[17:07:42]데이터베이스 연결 성공"}
{"level":"info","message":"[17:07:44]데이터베이스 연결 성공"}
{"level":"info","message":"[17:08:23]데이터베이스 연결 성공"}
{"level":"info","message":"[17:08:35]데이터베이스 연결 성공"}
{"level":"info","message":"[17:09:01]데이터베이스 연결 성공"}
{"level":"info","message":"[17:09:05]데이터베이스 연결 성공"}
{"level":"info","message":"[17:09:26]데이터베이스 연결 성공"}
{"level":"info","message":"[17:09:36]데이터베이스 연결 성공"}
{"level":"info","message":"[17:09:39]데이터베이스 연결 성공"}
{"level":"info","message":"[17:09:43]데이터베이스 연결 성공"}
{"level":"info","message":"[17:09:49]데이터베이스 연결 성공"}
{"level":"info","message":"[17:09:52]데이터베이스 연결 성공"}
{"level":"info","message":"[17:09:54]데이터베이스 연결 성공"}
{"level":"info","message":"[17:10:21]데이터베이스 연결 성공"}
{"level":"info","message":"[17:10:22]데이터베이스 연결 성공"}
{"level":"info","message":"[17:10:49]데이터베이스 연결 성공"}
{"level":"info","message":"[17:10:56]데이터베이스 연결 성공"}
{"level":"info","message":"[17:11:25]데이터베이스 연결 성공"}
{"level":"info","message":"[17:11:40]데이터베이스 연결 성공"}
{"level":"info","message":"[17:22:27]데이터베이스 연결 성공"}
{"level":"info","message":"[17:24:27]데이터베이스 연결 성공"}
{"level":"info","message":"[17:24:32]데이터베이스 연결 성공"}
{"level":"info","message":"[17:25:37]데이터베이스 연결 성공"}
{"level":"info","message":"[17:27:21]데이터베이스 연결 성공"}
{"level":"info","message":"[17:27:24]데이터베이스 연결 성공"}
{"level":"info","message":"[17:27:34]데이터베이스 연결 성공"}
{"level":"info","message":"[17:27:44]데이터베이스 연결 성공"}
{"level":"info","message":"[17:29:42]데이터베이스 연결 성공"}
{"level":"info","message":"[17:31:40]데이터베이스 연결 성공"}
{"level":"info","message":"[17:34:45]데이터베이스 연결 성공"}
{"level":"info","message":"[17:34:47]데이터베이스 연결 성공"}
{"level":"info","message":"[17:35:10]데이터베이스 연결 성공"}
{"level":"info","message":"[17:35:56]데이터베이스 연결 성공"}
{"level":"info","message":"[17:36:12]데이터베이스 연결 성공"}
{"level":"info","message":"[17:37:11]데이터베이스 연결 성공"}
{"level":"info","message":"[17:38:17]데이터베이스 연결 성공"}
{"level":"info","message":"[17:38:43]데이터베이스 연결 성공"}
{"level":"info","message":"[17:39:09]데이터베이스 연결 성공"}
{"level":"info","message":"[17:39:29]데이터베이스 연결 성공"}
{"level":"info","message":"[17:40:58]데이터베이스 연결 성공"}
{"level":"info","message":"[17:41:00]데이터베이스 연결 성공"}
{"level":"info","message":"[17:41:02]데이터베이스 연결 성공"}
{"level":"info","message":"[17:41:26]데이터베이스 연결 성공"}
{"level":"info","message":"[17:41:53]데이터베이스 연결 성공"}
{"level":"info","message":"[17:42:20]데이터베이스 연결 성공"}
{"level":"info","message":"[17:42:24]데이터베이스 연결 성공"}
{"level":"info","message":"[17:43:04]데이터베이스 연결 성공"}
{"level":"info","message":"[17:43:26]데이터베이스 연결 성공"}
{"level":"info","message":"[17:43:41]데이터베이스 연결 성공"}
{"level":"info","message":"[17:43:52]데이터베이스 연결 성공"}
{"level":"info","message":"[17:44:42]데이터베이스 연결 성공"}
{"level":"info","message":"[17:46:19]데이터베이스 연결 성공"}
{"level":"info","message":"[17:46:34]데이터베이스 연결 성공"}
{"level":"info","message":"[17:46:44]데이터베이스 연결 성공"}
{"level":"info","message":"[17:46:53]데이터베이스 연결 성공"}
{"level":"info","message":"[17:46:59]데이터베이스 연결 성공"}
{"level":"info","message":"[17:47:03]데이터베이스 연결 성공"}
{"level":"info","message":"[17:47:04]데이터베이스 연결 성공"}
{"level":"info","message":"[17:47:08]데이터베이스 연결 성공"}
{"level":"info","message":"[17:47:20]데이터베이스 연결 성공"}
{"level":"info","message":"[17:47:42]데이터베이스 연결 성공"}
{"level":"info","message":"[17:47:49]데이터베이스 연결 성공"}
{"level":"info","message":"[17:48:34]데이터베이스 연결 성공"}
{"level":"info","message":"[17:48:38]데이터베이스 연결 성공"}
{"level":"info","message":"[17:49:16]데이터베이스 연결 성공"}
{"level":"info","message":"[17:50:56]데이터베이스 연결 성공"}
{"level":"info","message":"[17:51:22]데이터베이스 연결 성공"}
{"level":"info","message":"[17:51:28]데이터베이스 연결 성공"}
{"level":"info","message":"[17:51:36]데이터베이스 연결 성공"}
{"level":"info","message":"[17:52:05]데이터베이스 연결 성공"}
{"level":"info","message":"[17:52:06]데이터베이스 연결 성공"}
{"level":"info","message":"[17:52:11]데이터베이스 연결 성공"}
{"level":"info","message":"[17:53:02]데이터베이스 연결 성공"}
{"level":"info","message":"[17:53:21]데이터베이스 연결 성공"}
{"level":"info","message":"[17:54:18]데이터베이스 연결 성공"}
{"level":"info","message":"[17:54:23]데이터베이스 연결 성공"}
{"level":"info","message":"[17:57:22]데이터베이스 연결 성공"}
{"level":"info","message":"[17:57:53]데이터베이스 연결 성공"}
{"level":"info","message":"[17:58:22]데이터베이스 연결 성공"}
{"level":"info","message":"[17:59:01]데이터베이스 연결 성공"}
{"level":"info","message":"[17:59:53]데이터베이스 연결 성공"}
{"level":"info","message":"[18:00:01]데이터베이스 연결 성공"}
{"level":"info","message":"[18:00:07]데이터베이스 연결 성공"}
{"level":"info","message":"[18:00:17]데이터베이스 연결 성공"}
{"level":"info","message":"[18:00:50]데이터베이스 연결 성공"}
{"level":"info","message":"[18:00:53]데이터베이스 연결 성공"}
{"level":"info","message":"[18:03:09]데이터베이스 연결 성공"}
{"level":"info","message":"[18:03:48]데이터베이스 연결 성공"}
{"level":"info","message":"[18:04:14]데이터베이스 연결 성공"}
{"level":"info","message":"[18:04:55]데이터베이스 연결 성공"}
{"level":"info","message":"[18:04:56]데이터베이스 연결 성공"}
{"level":"info","message":"[18:06:27]데이터베이스 연결 성공"}
{"level":"info","message":"[18:06:29]데이터베이스 연결 성공"}
{"level":"info","message":"[18:07:15]데이터베이스 연결 성공"}
{"level":"info","message":"[18:07:22]데이터베이스 연결 성공"}
{"level":"info","message":"[18:07:26]데이터베이스 연결 성공"}
{"level":"info","message":"[18:08:07]데이터베이스 연결 성공"}
{"level":"info","message":"[18:08:27]데이터베이스 연결 성공"}
{"level":"info","message":"[18:08:31]데이터베이스 연결 성공"}
{"level":"info","message":"[18:08:41]데이터베이스 연결 성공"}
{"level":"info","message":"[18:09:04]데이터베이스 연결 성공"}
{"level":"info","message":"[18:09:06]데이터베이스 연결 성공"}
{"level":"info","message":"[18:09:10]데이터베이스 연결 성공"}
{"level":"info","message":"[18:09:28]데이터베이스 연결 성공"}
{"level":"info","message":"[18:09:57]데이터베이스 연결 성공"}
